This is pdfTeX, Version 3.141592653-2.6-1.40.25 (TeX Live 2023/Debian) (preloaded format=pdflatex 2024.11.5)  28 NOV 2025 14:57
entering extended mode
 restricted \write18 enabled.
 file:line:error style messages enabled.
 %&-line parsing enabled.
**/home/caleb/Documents/PhD/acedisparity/Manuscript/confReview/confirmationreview.tex
(/home/caleb/Documents/PhD/acedisparity/Manuscript/confReview/confirmationreview.tex
LaTeX2e <2023-11-01> patch level 1
L3 programming layer <2024-01-22>
(/usr/share/texlive/texmf-dist/tex/latex/base/article.cls
Document Class: article 2023/05/17 v1.4n Standard LaTeX document class
(/usr/share/texlive/texmf-dist/tex/latex/base/size10.clo
File: size10.clo 2023/05/17 v1.4n Standard LaTeX file (size option)
)
\c@part=\count187
\c@section=\count188
\c@subsection=\count189
\c@subsubsection=\count190
\c@paragraph=\count191
\c@subparagraph=\count192
\c@figure=\count193
\c@table=\count194
\abovecaptionskip=\skip48
\belowcaptionskip=\skip49
\bibindent=\dimen140
) (/usr/share/texlive/texmf-dist/tex/latex/amsmath/amsmath.sty
Package: amsmath 2023/05/13 v2.17o AMS math features
\@mathmargin=\skip50

For additional information on amsmath, use the `?' option.
(/usr/share/texlive/texmf-dist/tex/latex/amsmath/amstext.sty
Package: amstext 2021/08/26 v2.01 AMS text
 (/usr/share/texlive/texmf-dist/tex/latex/amsmath/amsgen.sty
File: amsgen.sty 1999/11/30 v2.0 generic functions
\@emptytoks=\toks17
\ex@=\dimen141
)) (/usr/share/texlive/texmf-dist/tex/latex/amsmath/amsbsy.sty
Package: amsbsy 1999/11/29 v1.2d Bold Symbols
\pmbraise@=\dimen142
) (/usr/share/texlive/texmf-dist/tex/latex/amsmath/amsopn.sty
Package: amsopn 2022/04/08 v2.04 operator names
)
\inf@bad=\count195
LaTeX Info: Redefining \frac on input line 234.
\uproot@=\count196
\leftroot@=\count197
LaTeX Info: Redefining \overline on input line 399.
LaTeX Info: Redefining \colon on input line 410.
\classnum@=\count198
\DOTSCASE@=\count199
LaTeX Info: Redefining \ldots on input line 496.
LaTeX Info: Redefining \dots on input line 499.
LaTeX Info: Redefining \cdots on input line 620.
\Mathstrutbox@=\box51
\strutbox@=\box52
LaTeX Info: Redefining \big on input line 722.
LaTeX Info: Redefining \Big on input line 723.
LaTeX Info: Redefining \bigg on input line 724.
LaTeX Info: Redefining \Bigg on input line 725.
\big@size=\dimen143
LaTeX Font Info:    Redeclaring font encoding OML on input line 743.
LaTeX Font Info:    Redeclaring font encoding OMS on input line 744.
\macc@depth=\count266
LaTeX Info: Redefining \bmod on input line 905.
LaTeX Info: Redefining \pmod on input line 910.
LaTeX Info: Redefining \smash on input line 940.
LaTeX Info: Redefining \relbar on input line 970.
LaTeX Info: Redefining \Relbar on input line 971.
\c@MaxMatrixCols=\count267
\dotsspace@=\muskip16
\c@parentequation=\count268
\dspbrk@lvl=\count269
\tag@help=\toks18
\row@=\count270
\column@=\count271
\maxfields@=\count272
\andhelp@=\toks19
\eqnshift@=\dimen144
\alignsep@=\dimen145
\tagshift@=\dimen146
\tagwidth@=\dimen147
\totwidth@=\dimen148
\lineht@=\dimen149
\@envbody=\toks20
\multlinegap=\skip51
\multlinetaggap=\skip52
\mathdisplay@stack=\toks21
LaTeX Info: Redefining \[ on input line 2953.
LaTeX Info: Redefining \] on input line 2954.
) (/usr/share/texlive/texmf-dist/tex/latex/graphics/graphicx.sty
Package: graphicx 2021/09/16 v1.2d Enhanced LaTeX Graphics (DPC,SPQR)
 (/usr/share/texlive/texmf-dist/tex/latex/graphics/keyval.sty
Package: keyval 2022/05/29 v1.15 key=value parser (DPC)
\KV@toks@=\toks22
) (/usr/share/texlive/texmf-dist/tex/latex/graphics/graphics.sty
Package: graphics 2022/03/10 v1.4e Standard LaTeX Graphics (DPC,SPQR)
 (/usr/share/texlive/texmf-dist/tex/latex/graphics/trig.sty
Package: trig 2021/08/11 v1.11 sin cos tan (DPC)
) (/usr/share/texlive/texmf-dist/tex/latex/graphics-cfg/graphics.cfg
File: graphics.cfg 2016/06/04 v1.11 sample graphics configuration
)
Package graphics Info: Driver file: pdftex.def on input line 107.
 (/usr/share/texlive/texmf-dist/tex/latex/graphics-def/pdftex.def
File: pdftex.def 2022/09/22 v1.2b Graphics/color driver for pdftex
))
\Gin@req@height=\dimen150
\Gin@req@width=\dimen151
) (/usr/share/texlive/texmf-dist/tex/latex/hyperref/hyperref.sty
Package: hyperref 2024-01-20 v7.01h Hypertext links for LaTeX
 (/usr/share/texlive/texmf-dist/tex/generic/iftex/iftex.sty
Package: iftex 2022/02/03 v1.0f TeX engine tests
) (/usr/share/texlive/texmf-dist/tex/latex/kvsetkeys/kvsetkeys.sty
Package: kvsetkeys 2022-10-05 v1.19 Key value parser (HO)
) (/usr/share/texlive/texmf-dist/tex/generic/kvdefinekeys/kvdefinekeys.sty
Package: kvdefinekeys 2019-12-19 v1.6 Define keys (HO)
) (/usr/share/texlive/texmf-dist/tex/generic/pdfescape/pdfescape.sty
Package: pdfescape 2019/12/09 v1.15 Implements pdfTeX's escape features (HO)
 (/usr/share/texlive/texmf-dist/tex/generic/ltxcmds/ltxcmds.sty
Package: ltxcmds 2023-12-04 v1.26 LaTeX kernel commands for general use (HO)
) (/usr/share/texlive/texmf-dist/tex/generic/pdftexcmds/pdftexcmds.sty
Package: pdftexcmds 2020-06-27 v0.33 Utility functions of pdfTeX for LuaTeX (HO)
 (/usr/share/texlive/texmf-dist/tex/generic/infwarerr/infwarerr.sty
Package: infwarerr 2019/12/03 v1.5 Providing info/warning/error messages (HO)
)
Package pdftexcmds Info: \pdf@primitive is available.
Package pdftexcmds Info: \pdf@ifprimitive is available.
Package pdftexcmds Info: \pdfdraftmode found.
)) (/usr/share/texlive/texmf-dist/tex/latex/hycolor/hycolor.sty
Package: hycolor 2020-01-27 v1.10 Color options for hyperref/bookmark (HO)
) (/usr/share/texlive/texmf-dist/tex/latex/auxhook/auxhook.sty
Package: auxhook 2019-12-17 v1.6 Hooks for auxiliary files (HO)
) (/usr/share/texlive/texmf-dist/tex/latex/hyperref/nameref.sty
Package: nameref 2023-11-26 v2.56 Cross-referencing by name of section
 (/usr/share/texlive/texmf-dist/tex/latex/refcount/refcount.sty
Package: refcount 2019/12/15 v3.6 Data extraction from label references (HO)
) (/usr/share/texlive/texmf-dist/tex/generic/gettitlestring/gettitlestring.sty
Package: gettitlestring 2019/12/15 v1.6 Cleanup title references (HO)
 (/usr/share/texlive/texmf-dist/tex/latex/kvoptions/kvoptions.sty
Package: kvoptions 2022-06-15 v3.15 Key value format for package options (HO)
))
\c@section@level=\count273
) (/usr/share/texlive/texmf-dist/tex/latex/etoolbox/etoolbox.sty
Package: etoolbox 2020/10/05 v2.5k e-TeX tools for LaTeX (JAW)
\etb@tempcnta=\count274
)
\@linkdim=\dimen152
\Hy@linkcounter=\count275
\Hy@pagecounter=\count276
 (/usr/share/texlive/texmf-dist/tex/latex/hyperref/pd1enc.def
File: pd1enc.def 2024-01-20 v7.01h Hyperref: PDFDocEncoding definition (HO)
Now handling font encoding PD1 ...
... no UTF-8 mapping file for font encoding PD1
) (/usr/share/texlive/texmf-dist/tex/generic/intcalc/intcalc.sty
Package: intcalc 2019/12/15 v1.3 Expandable calculations with integers (HO)
)
\Hy@SavedSpaceFactor=\count277
 (/usr/share/texlive/texmf-dist/tex/latex/hyperref/puenc.def
File: puenc.def 2024-01-20 v7.01h Hyperref: PDF Unicode definition (HO)
Now handling font encoding PU ...
... no UTF-8 mapping file for font encoding PU
)
Package hyperref Info: Hyper figures OFF on input line 4179.
Package hyperref Info: Link nesting OFF on input line 4184.
Package hyperref Info: Hyper index ON on input line 4187.
Package hyperref Info: Plain pages OFF on input line 4194.
Package hyperref Info: Backreferencing OFF on input line 4199.
Package hyperref Info: Implicit mode ON; LaTeX internals redefined.
Package hyperref Info: Bookmarks ON on input line 4446.
\c@Hy@tempcnt=\count278
 (/usr/share/texlive/texmf-dist/tex/latex/url/url.sty
\Urlmuskip=\muskip17
Package: url 2013/09/16  ver 3.4  Verb mode for urls, etc.
)
LaTeX Info: Redefining \url on input line 4784.
\XeTeXLinkMargin=\dimen153
 (/usr/share/texlive/texmf-dist/tex/generic/bitset/bitset.sty
Package: bitset 2019/12/09 v1.3 Handle bit-vector datatype (HO)
 (/usr/share/texlive/texmf-dist/tex/generic/bigintcalc/bigintcalc.sty
Package: bigintcalc 2019/12/15 v1.5 Expandable calculations on big integers (HO)
))
\Fld@menulength=\count279
\Field@Width=\dimen154
\Fld@charsize=\dimen155
Package hyperref Info: Hyper figures OFF on input line 6063.
Package hyperref Info: Link nesting OFF on input line 6068.
Package hyperref Info: Hyper index ON on input line 6071.
Package hyperref Info: backreferencing OFF on input line 6078.
Package hyperref Info: Link coloring OFF on input line 6083.
Package hyperref Info: Link coloring with OCG OFF on input line 6088.
Package hyperref Info: PDF/A mode OFF on input line 6093.
 (/usr/share/texlive/texmf-dist/tex/latex/base/atbegshi-ltx.sty
Package: atbegshi-ltx 2021/01/10 v1.0c Emulation of the original atbegshi
package with kernel methods
)
\Hy@abspage=\count280
\c@Item=\count281
\c@Hfootnote=\count282
)
Package hyperref Info: Driver (autodetected): hpdftex.
 (/usr/share/texlive/texmf-dist/tex/latex/hyperref/hpdftex.def
File: hpdftex.def 2024-01-20 v7.01h Hyperref driver for pdfTeX
 (/usr/share/texlive/texmf-dist/tex/latex/base/atveryend-ltx.sty
Package: atveryend-ltx 2020/08/19 v1.0a Emulation of the original atveryend package
with kernel methods
)
\Fld@listcount=\count283
\c@bookmark@seq@number=\count284
 (/usr/share/texlive/texmf-dist/tex/latex/rerunfilecheck/rerunfilecheck.sty
Package: rerunfilecheck 2022-07-10 v1.10 Rerun checks for auxiliary files (HO)
 (/usr/share/texlive/texmf-dist/tex/generic/uniquecounter/uniquecounter.sty
Package: uniquecounter 2019/12/15 v1.4 Provide unlimited unique counter (HO)
)
Package uniquecounter Info: New unique counter `rerunfilecheck' on input line 285.
)
\Hy@SectionHShift=\skip53
) (/usr/share/texlive/texmf-dist/tex/latex/natbib/natbib.sty
Package: natbib 2010/09/13 8.31b (PWD, AO)
\bibhang=\skip54
\bibsep=\skip55
LaTeX Info: Redefining \cite on input line 694.
\c@NAT@ctr=\count285
) (/usr/share/texlive/texmf-dist/tex/latex/setspace/setspace.sty
Package: setspace 2022/12/04 v6.7b set line spacing
) (/usr/share/texlive/texmf-dist/tex/latex/float/float.sty
Package: float 2001/11/08 v1.3d Float enhancements (AL)
\c@float@type=\count286
\float@exts=\toks23
\float@box=\box53
\@float@everytoks=\toks24
\@floatcapt=\box54
) (/usr/share/texlive/texmf-dist/tex/latex/geometry/geometry.sty
Package: geometry 2020/01/02 v5.9 Page Geometry
 (/usr/share/texlive/texmf-dist/tex/generic/iftex/ifvtex.sty
Package: ifvtex 2019/10/25 v1.7 ifvtex legacy package. Use iftex instead.
)
\Gm@cnth=\count287
\Gm@cntv=\count288
\c@Gm@tempcnt=\count289
\Gm@bindingoffset=\dimen156
\Gm@wd@mp=\dimen157
\Gm@odd@mp=\dimen158
\Gm@even@mp=\dimen159
\Gm@layoutwidth=\dimen160
\Gm@layoutheight=\dimen161
\Gm@layouthoffset=\dimen162
\Gm@layoutvoffset=\dimen163
\Gm@dimlist=\toks25
) (/usr/share/texlive/texmf-dist/tex/latex/tools/tabularx.sty
Package: tabularx 2023/07/08 v2.11c `tabularx' package (DPC)
 (/usr/share/texlive/texmf-dist/tex/latex/tools/array.sty
Package: array 2023/10/16 v2.5g Tabular extension package (FMi)
\col@sep=\dimen164
\ar@mcellbox=\box55
\extrarowheight=\dimen165
\NC@list=\toks26
\extratabsurround=\skip56
\backup@length=\skip57
\ar@cellbox=\box56
)
\TX@col@width=\dimen166
\TX@old@table=\dimen167
\TX@old@col=\dimen168
\TX@target=\dimen169
\TX@delta=\dimen170
\TX@cols=\count290
\TX@ftn=\toks27
) (/usr/share/texlive/texmf-dist/tex/latex/l3backend/l3backend-pdftex.def
File: l3backend-pdftex.def 2024-01-04 L3 backend support: PDF output (pdfTeX)
\l__color_backend_stack_int=\count291
\l__pdf_internal_box=\box57
) (./confirmationreview.aux)
\openout1 = `confirmationreview.aux'.

LaTeX Font Info:    Checking defaults for OML/cmm/m/it on input line 24.
LaTeX Font Info:    ... okay on input line 24.
LaTeX Font Info:    Checking defaults for OMS/cmsy/m/n on input line 24.
LaTeX Font Info:    ... okay on input line 24.
LaTeX Font Info:    Checking defaults for OT1/cmr/m/n on input line 24.
LaTeX Font Info:    ... okay on input line 24.
LaTeX Font Info:    Checking defaults for T1/cmr/m/n on input line 24.
LaTeX Font Info:    ... okay on input line 24.
LaTeX Font Info:    Checking defaults for TS1/cmr/m/n on input line 24.
LaTeX Font Info:    ... okay on input line 24.
LaTeX Font Info:    Checking defaults for OMX/cmex/m/n on input line 24.
LaTeX Font Info:    ... okay on input line 24.
LaTeX Font Info:    Checking defaults for U/cmr/m/n on input line 24.
LaTeX Font Info:    ... okay on input line 24.
LaTeX Font Info:    Checking defaults for PD1/pdf/m/n on input line 24.
LaTeX Font Info:    ... okay on input line 24.
LaTeX Font Info:    Checking defaults for PU/pdf/m/n on input line 24.
LaTeX Font Info:    ... okay on input line 24.
 (/usr/share/texlive/texmf-dist/tex/context/base/mkii/supp-pdf.mkii
[Loading MPS to PDF converter (version 2006.09.02).]
\scratchcounter=\count292
\scratchdimen=\dimen171
\scratchbox=\box58
\nofMPsegments=\count293
\nofMParguments=\count294
\everyMPshowfont=\toks28
\MPscratchCnt=\count295
\MPscratchDim=\dimen172
\MPnumerator=\count296
\makeMPintoPDFobject=\count297
\everyMPtoPDFconversion=\toks29
) (/usr/share/texlive/texmf-dist/tex/latex/epstopdf-pkg/epstopdf-base.sty
Package: epstopdf-base 2020-01-24 v2.11 Base part for package epstopdf
Package epstopdf-base Info: Redefining graphics rule for `.eps' on input line 485.
 (/usr/share/texlive/texmf-dist/tex/latex/latexconfig/epstopdf-sys.cfg
File: epstopdf-sys.cfg 2010/07/13 v1.3 Configuration of (r)epstopdf for TeX Live
))
Package hyperref Info: Link coloring OFF on input line 24.
\@outlinefile=\write3
\openout3 = `confirmationreview.out'.


*geometry* driver: auto-detecting
*geometry* detected driver: pdftex
*geometry* verbose mode - [ preamble ] result:
* driver: pdftex
* paper: <default>
* layout: <same size as paper>
* layoutoffset:(h,v)=(0.0pt,0.0pt)
* modes: 
* h-part:(L,W,R)=(71.13188pt, 472.03123pt, 71.13188pt)
* v-part:(T,H,B)=(71.13188pt, 652.70622pt, 71.13188pt)
* \paperwidth=614.295pt
* \paperheight=794.96999pt
* \textwidth=472.03123pt
* \textheight=652.70622pt
* \oddsidemargin=-1.1381pt
* \evensidemargin=-1.1381pt
* \topmargin=-38.1381pt
* \headheight=12.0pt
* \headsep=25.0pt
* \topskip=10.0pt
* \footskip=30.0pt
* \marginparwidth=65.0pt
* \marginparsep=11.0pt
* \columnsep=10.0pt
* \skip\footins=9.0pt plus 4.0pt minus 2.0pt
* \hoffset=0.0pt
* \voffset=0.0pt
* \mag=1000
* \@twocolumnfalse
* \@twosidefalse
* \@mparswitchfalse
* \@reversemarginfalse
* (1in=72.27pt=25.4mm, 1cm=28.453pt)


LaTeX Warning: File `figures/sheffieldlogo.png' not found on input line 28.


/home/caleb/Documents/PhD/acedisparity/Manuscript/confReview/confirmationreview.tex:28: Package pdftex.def Error: File `figures/sheffieldlogo.png' not found: using draft setting.

See the pdftex.def package documentation for explanation.
Type  H <return>  for immediate help.
 ...                                              
                                                  
l.28 ...hics[width=5cm]{figures/sheffieldlogo.png}
                                                  
Try typing  <return>  to proceed.
If that doesn't work, type  X <return>  to quit.

[1{/var/lib/texmf/fonts/map/pdftex/updmap/pdftex.map}

]
No file confirmationreview.toc.
\tf@toc=\write4
\openout4 = `confirmationreview.toc'.


Package natbib Warning: Citation `raup1981extintion' on page 1 undefined on input line 90.


Package natbib Warning: Citation `raup_mass_1982' on page 1 undefined on input line 91.


Package natbib Warning: Citation `raup_mass_1982' on page 1 undefined on input line 92.


Package natbib Warning: Citation `jablonski_lessons_2001' on page 1 undefined on input line 94.


Package natbib Warning: Citation `hull_life_2015' on page 1 undefined on input line 95.


pdfTeX warning (ext4): destination with the same identifier (name{page.1}) has been already used, duplicate ignored
<to be read again> 
                   \relax 
l.96 
      [1]

Package natbib Warning: Citation `jablonski2025mass' on page 2 undefined on input line 98.


Package natbib Warning: Citation `hull_life_2015' on page 2 undefined on input line 99.


Package natbib Warning: Citation `hansen1999effect' on page 2 undefined on input line 100.


Package natbib Warning: Citation `raup1981extintion' on page 2 undefined on input line 100.


Package natbib Warning: Citation `schluter2000ecology' on page 2 undefined on input line 105.


Package natbib Warning: Citation `foote_discordance_1993' on page 2 undefined on input line 106.


Package natbib Warning: Citation `hopkins2013decoupling' on page 2 undefined on input line 106.


Package natbib Warning: Citation `ruta2013decoupling' on page 2 undefined on input line 106.


Package natbib Warning: Citation `wan2021decoupling' on page 2 undefined on input line 106.


Package natbib Warning: Citation `bapst_graptoloid_2012' on page 2 undefined on input line 107.


Package natbib Warning: Citation `ruta2013decoupling' on page 2 undefined on input line 107.


Package natbib Warning: Citation `edie_contrasting_2018' on page 2 undefined on input line 108.


Package natbib Warning: Citation `puttick_complex_2020' on page 2 undefined on input line 109.


Package natbib Warning: Citation `wills_disparity_1994' on page 2 undefined on input line 127.


Package natbib Warning: Citation `erwin_disparity_2007' on page 2 undefined on input line 128.


Package natbib Warning: Citation `lowery2019morphospace' on page 2 undefined on input line 131.


Package natbib Warning: Citation `budd2021morphospace' on page 2 undefined on input line 131.


Package natbib Warning: Citation `foote1994morphological' on page 2 undefined on input line 132.


Package natbib Warning: Citation `raup1994role' on page 2 undefined on input line 132.


Package natbib Warning: Citation `sidlauskas2008continuous' on page 2 undefined on input line 132.


Package natbib Warning: Citation `hopkins2016magnitude' on page 2 undefined on input line 133.

[2]

LaTeX Warning: Reference `fig:scenarios' on page 3 undefined on input line 158.


Package natbib Warning: Citation `korn_extinction_2013' on page 3 undefined on input line 162.


LaTeX Warning: File `figures/extinctionscenarios.png' not found on input line 167.


/home/caleb/Documents/PhD/acedisparity/Manuscript/confReview/confirmationreview.tex:167: Package pdftex.def Error: File `figures/extinctionscenarios.png' not found: using draft setting.

See the pdftex.def package documentation for explanation.
Type  H <return>  for immediate help.
 ...                                              
                                                  
l.167 ...newidth]{figures/extinctionscenarios.png}
                                                  
Try typing  <return>  to proceed.
If that doesn't work, type  X <return>  to quit.


Package natbib Warning: Citation `grossnickle_therian_2016' on page 3 undefined on input line 168.


Package natbib Warning: Citation `grossnickle_therian_2016' on page 3 undefined on input line 168.

[3]

Package natbib Warning: Citation `foote1997evolution' on page 4 undefined on input line 175.


Package natbib Warning: Citation `korn_extinction_2013' on page 4 undefined on input line 175.


Package natbib Warning: Citation `puttick_complex_2020' on page 4 undefined on input line 177.


Package natbib Warning: Citation `guillerme_shifting_2020' on page 4 undefined on input line 177.


Package natbib Warning: Citation `cole_selectivity_2021' on page 4 undefined on input line 178.

[4
pdfTeX warning (ext4): destination with the same identifier (name{figure.1}) has been already used, duplicate ignored
<argument> ...shipout:D \box_use:N \l_shipout_box 
                                                  \__shipout_drop_firstpage_...
l.179 
      ]

Package natbib Warning: Citation `alvarez_extraterrestrial_1980' on page 5 undefined on input line 190.


Package natbib Warning: Citation `schulte_chicxulub_2010' on page 5 undefined on input line 190.


Package natbib Warning: Citation `brusatte_extinction_2015' on page 5 undefined on input line 190.


Package natbib Warning: Citation `osborn_law_1902' on page 5 undefined on input line 193.


Package natbib Warning: Citation `alroy_fossil_1999' on page 5 undefined on input line 193.


Package natbib Warning: Citation `codron_ecological_2013' on page 5 undefined on input line 193.


Package natbib Warning: Citation `oleary_placental_2013' on page 5 undefined on input line 193.


Package natbib Warning: Citation `alroy_fossil_1999' on page 5 undefined on input line 194.


Package natbib Warning: Citation `benevento_early_2023' on page 5 undefined on input line 195.


Package natbib Warning: Citation `cooper_body_2010' on page 5 undefined on input line 196.


Package natbib Warning: Citation `smith_evolution_2010' on page 5 undefined on input line 196.


Package natbib Warning: Citation `raia_rapid_2013' on page 5 undefined on input line 196.


Package natbib Warning: Citation `slater_phylogenetic_2013' on page 5 undefined on input line 196.


Package natbib Warning: Citation `alroy_fossil_1999' on page 5 undefined on input line 200.


Package natbib Warning: Citation `slater_phylogenetic_2013' on page 5 undefined on input line 200.


Package natbib Warning: Citation `grossnickle_feeding_2020' on page 5 undefined on input line 200.


Package natbib Warning: Citation `grossnickle_untangling_2019' on page 5 undefined on input line 201.


LaTeX Warning: Reference `fig:radiations' on page 5 undefined on input line 202.


Package natbib Warning: Citation `meredith_impacts_2011' on page 5 undefined on input line 202.


Package natbib Warning: Citation `benton_angiosperm_2022' on page 5 undefined on input line 202.


Package natbib Warning: Citation `grossnickle_therian_2016' on page 5 undefined on input line 203.


Package natbib Warning: Citation `wilson_mammals_2013' on page 5 undefined on input line 204.


Package natbib Warning: Citation `chen_assembly_2019' on page 5 undefined on input line 205.


LaTeX Warning: Reference `fig:radiations' on page 5 undefined on input line 207.


Package natbib Warning: Citation `bininda-emonds_delayed_2007' on page 5 undefined on input line 207.


Package natbib Warning: Citation `benevento_patterns_2019' on page 5 undefined on input line 208.


Package natbib Warning: Citation `bertrand_brawn_2022' on page 5 undefined on input line 209.

[5]

LaTeX Warning: File `figures/grossnickleradiations.jpg' not found on input line 215.


/home/caleb/Documents/PhD/acedisparity/Manuscript/confReview/confirmationreview.tex:215: Package pdftex.def Error: File `figures/grossnickleradiations.jpg' not found: using draft setting.

See the pdftex.def package documentation for explanation.
Type  H <return>  for immediate help.
 ...                                              
                                                  
l.215 ...width]{figures/grossnickleradiations.jpg}
                                                  
Try typing  <return>  to proceed.
If that doesn't work, type  X <return>  to quit.


Package natbib Warning: Citation `grossnickle_untangling_2019' on page 6 undefined on input line 216.


Package natbib Warning: Citation `grossnickle_untangling_2019' on page 6 undefined on input line 216.

[6
pdfTeX warning (ext4): destination with the same identifier (name{figure.2}) has been already used, duplicate ignored
<argument> ...shipout:D \box_use:N \l_shipout_box 
                                                  \__shipout_drop_firstpage_...
l.233 
      ]

LaTeX Warning: File `figures/simplepipeline.png' not found on input line 236.


/home/caleb/Documents/PhD/acedisparity/Manuscript/confReview/confirmationreview.tex:236: Package pdftex.def Error: File `figures/simplepipeline.png' not found: using draft setting.

See the pdftex.def package documentation for explanation.
Type  H <return>  for immediate help.
 ...                                              
                                                  
l.236 ....8\linewidth]{figures/simplepipeline.png}
                                                  
Try typing  <return>  to proceed.
If that doesn't work, type  X <return>  to quit.


LaTeX Warning: Reference `tab:placental_models' on page 7 undefined on input line 244.


Package natbib Warning: Citation `alroy_fossil_1999' on page 7 undefined on input line 260.


Package natbib Warning: Citation `oleary_placental_2013' on page 7 undefined on input line 260.


Package natbib Warning: Citation `davies2017completeness' on page 7 undefined on input line 260.


Package natbib Warning: Citation `halliday_resolving_2017' on page 7 undefined on input line 260.


Underfull \hbox (badness 1286) in paragraph at lines 260--260
[]|\OT1/cmr/m/n/10 Molecular: re-moved fos-sil
 []


Package natbib Warning: Citation `phillips_geomolecular_2016' on page 7 undefined on input line 260.


Package natbib Warning: Citation `phillips_soft_2018' on page 7 undefined on input line 260.


Underfull \hbox (badness 3826) in paragraph at lines 260--260
[]|\OT1/cmr/m/n/10 Molecular: genome wide
 []


Package natbib Warning: Citation `archibald_quantitative_2001' on page 7 undefined on input line 260.


Package natbib Warning: Citation `meredith_impacts_2011' on page 7 undefined on input line 260.


Package natbib Warning: Citation `dos_reis_phylogenomic_2012' on page 7 undefined on input line 260.


Package natbib Warning: Citation `foley_mammal_2016' on page 7 undefined on input line 260.


Package natbib Warning: Citation `carlisle_timescale_2023' on page 7 undefined on input line 260.

[7
pdfTeX warning (ext4): destination with the same identifier (name{figure.3}) has been already used, duplicate ignored
<argument> ...shipout:D \box_use:N \l_shipout_box 
                                                  \__shipout_drop_firstpage_...
l.262 \end{table}
                 ]

Package natbib Warning: Citation `grossnickle_mammal_2013' on page 8 undefined on input line 264.


Package natbib Warning: Citation `wilson_mammals_2013' on page 8 undefined on input line 264.


Package natbib Warning: Citation `grossnickle_therian_2016' on page 8 undefined on input line 264.


Package natbib Warning: Citation `benevento_patterns_2019' on page 8 undefined on input line 264.


Package natbib Warning: Citation `guillerme2018time' on page 8 undefined on input line 265.


Package natbib Warning: Citation `guillerme2018time' on page 8 undefined on input line 268.


Package natbib Warning: Citation `lloyd2018journeys' on page 8 undefined on input line 307.


Package natbib Warning: Citation `schluter1997likelihood' on page 8 undefined on input line 314.


Package natbib Warning: Citation `cunningham1998reconstructing' on page 8 undefined on input line 314.


Package natbib Warning: Citation `brusatte2011phylogenetic' on page 8 undefined on input line 316.


LaTeX Warning: Reference `fig:ichthy_phylo' on page 8 undefined on input line 318.


LaTeX Warning: File `figures/Ichthyosauria_phylogeny.jpg' not found on input line 323.


/home/caleb/Documents/PhD/acedisparity/Manuscript/confReview/confirmationreview.tex:323: Package pdftex.def Error: File `figures/Ichthyosauria_phylogeny.jpg' not found: using draft setting.

See the pdftex.def package documentation for explanation.
Type  H <return>  for immediate help.
 ...                                              
                                                  
l.323 ...0cm]{figures/Ichthyosauria_phylogeny.jpg}
                                                  
Try typing  <return>  to proceed.
If that doesn't work, type  X <return>  to quit.


Package natbib Warning: Citation `fischer2012new' on page 8 undefined on input line 324.


Package natbib Warning: Citation `fischer2012new' on page 8 undefined on input line 324.

[8
pdfTeX warning (ext4): destination with the same identifier (name{table.1}) has been already used, duplicate ignored
<argument> ...shipout:D \box_use:N \l_shipout_box 
                                                  \__shipout_drop_firstpage_...
l.328 
      ]

Package natbib Warning: Citation `friedman2009ecomorphological' on page 9 undefined on input line 330.


Package natbib Warning: Citation `brusatte2011phylogenetic' on page 9 undefined on input line 330.


Package natbib Warning: Citation `joy2016ancestral' on page 9 undefined on input line 355.


Package natbib Warning: Citation `felsenstein1985phylogenies' on page 9 undefined on input line 361.


Package natbib Warning: Citation `omeara2006testing' on page 9 undefined on input line 361.

[9
pdfTeX warning (ext4): destination with the same identifier (name{figure.4}) has been already used, duplicate ignored
<argument> ...shipout:D \box_use:N \l_shipout_box 
                                                  \__shipout_drop_firstpage_...
l.365 
      ]

Package natbib Warning: Citation `pagel1994detecting' on page 10 undefined on input line 379.


Package natbib Warning: Citation `yang2006computational' on page 10 undefined on input line 379.


Package natbib Warning: Citation `revell2025ancestral' on page 10 undefined on input line 403.


Package natbib Warning: Citation `swofford1992parsimony' on page 10 undefined on input line 455.

[10]

Package natbib Warning: Citation `schluter1997likelihood' on page 11 undefined on input line 458.


Package natbib Warning: Citation `gascuel2014predicting' on page 11 undefined on input line 459.


Package natbib Warning: Citation `silvestro2015measurement' on page 11 undefined on input line 464.


Package natbib Warning: Citation `ackerly2006niche' on page 11 undefined on input line 466.


Package natbib Warning: Citation `vanderpoorten2006mapping' on page 11 undefined on input line 466.


Package natbib Warning: Citation `smith2022evolution' on page 11 undefined on input line 470.


Package natbib Warning: Citation `casali2023morphological' on page 11 undefined on input line 470.


Package natbib Warning: Citation `ane2008analysis' on page 11 undefined on input line 476.


Package natbib Warning: Citation `finarelli2006ancestral' on page 11 undefined on input line 477.


Package natbib Warning: Citation `finarelli2013potential' on page 11 undefined on input line 477.


Package natbib Warning: Citation `harmon2010early' on page 11 undefined on input line 481.


Package natbib Warning: Citation `hughes2013clades' on page 11 undefined on input line 481.


Package natbib Warning: Citation `mitchell2015extant' on page 11 undefined on input line 482.


Package natbib Warning: Citation `revell2025ancestral' on page 11 undefined on input line 497.

[11]

Package natbib Warning: Citation `webster2002testing' on page 12 undefined on input line 500.


Package natbib Warning: Citation `finarelli2006ancestral' on page 12 undefined on input line 500.


Package natbib Warning: Citation `royer2016comparison' on page 12 undefined on input line 502.


Package natbib Warning: Citation `jablonski1986background' on page 12 undefined on input line 503.


Package natbib Warning: Citation `slater_phylogenetic_2013' on page 12 undefined on input line 504.


Package natbib Warning: Citation `puttick2016partially' on page 12 undefined on input line 507.


Package natbib Warning: Citation `goswami2025phenomics' on page 12 undefined on input line 508.


Package natbib Warning: Citation `alroy1998cope' on page 12 undefined on input line 510.


Package natbib Warning: Citation `keating2023best' on page 12 undefined on input line 511.


Package natbib Warning: Citation `moon2020early' on page 12 undefined on input line 534.


Package natbib Warning: Citation `apaldetti2021sauropodomorph' on page 12 undefined on input line 534.


Package natbib Warning: Citation `donati2025continuity' on page 12 undefined on input line 534.


Package natbib Warning: Citation `patton2021adaptive' on page 12 undefined on input line 535.


Package natbib Warning: Citation `haug2023quantitative' on page 12 undefined on input line 535.


Package natbib Warning: Citation `wang2023low' on page 12 undefined on input line 535.


Package natbib Warning: Citation `hunt2015simple' on page 12 undefined on input line 541.


Package natbib Warning: Citation `pagel2022general' on page 12 undefined on input line 541.


Package natbib Warning: Citation `freckleton2006detecting' on page 12 undefined on input line 548.


Package natbib Warning: Citation `murrell2018global' on page 12 undefined on input line 548.


Package natbib Warning: Citation `murrell2018global' on page 12 undefined on input line 549.


Package natbib Warning: Citation `harmon2003tempo' on page 12 undefined on input line 549.


Package natbib Warning: Citation `smith2022evolution' on page 12 undefined on input line 550.


Package natbib Warning: Citation `mcshea2010biology' on page 12 undefined on input line 550.

[12]

LaTeX Warning: Reference `fig:radiations' on page 13 undefined on input line 570.

[13{/usr/share/texmf/fonts/enc/dvips/cm-super/cm-super-ts1.enc}]

LaTeX Warning: Reference `phylogenies' on page 14 undefined on input line 583.


LaTeX Warning: Reference `chapter four' on page 14 undefined on input line 584.

[14]
Overfull \hbox (14.76158pt too wide) in paragraph at lines 632--632
[]\OT1/cmr/bx/n/14.4 Chapter Three: Mea-sur-ing changes in trends in dis-par-ity through
 []


Package natbib Warning: Citation `wauchope2021evaluating' on page 15 undefined on input line 645.

[15]

Package natbib Warning: Citation `wauchope2021evaluating' on page 16 undefined on input line 653.


LaTeX Warning: File `figures/baci.png' not found on input line 664.


/home/caleb/Documents/PhD/acedisparity/Manuscript/confReview/confirmationreview.tex:664: Package pdftex.def Error: File `figures/baci.png' not found: using draft setting.

See the pdftex.def package documentation for explanation.
Type  H <return>  for immediate help.
 ...                                              
                                                  
l.664 ...egraphics[width = 15cm]{figures/baci.png}
                                                  
Try typing  <return>  to proceed.
If that doesn't work, type  X <return>  to quit.


Package natbib Warning: Citation `wauchope2021evaluating' on page 16 undefined on input line 665.


Package natbib Warning: Citation `wauchope2021evaluating' on page 16 undefined on input line 665.

[16] [17
pdfTeX warning (ext4): destination with the same identifier (name{figure.5}) has been already used, duplicate ignored
<argument> ...shipout:D \box_use:N \l_shipout_box 
                                                  \__shipout_drop_firstpage_...
l.677     \item D
                 oes this shift depend on the phylogenetic topology used?]

Package natbib Warning: Citation `emmerson_changes_2022' on page 18 undefined on input line 684.


LaTeX Warning: File `figures/gantt.png' not found on input line 691.


/home/caleb/Documents/PhD/acedisparity/Manuscript/confReview/confirmationreview.tex:691: Package pdftex.def Error: File `figures/gantt.png' not found: using draft setting.

See the pdftex.def package documentation for explanation.
Type  H <return>  for immediate help.
 ...                                              
                                                  
l.691 ...graphics[width = 16cm]{figures/gantt.png}
                                                  
Try typing  <return>  to proceed.
If that doesn't work, type  X <return>  to quit.

[18]

Package natbib Warning: Citation `guillerme2024treats' on page 19 undefined on input line 702.

[19
pdfTeX warning (ext4): destination with the same identifier (name{figure.6}) has been already used, duplicate ignored
<argument> ...shipout:D \box_use:N \l_shipout_box 
                                                  \__shipout_drop_firstpage_...
l.709 
      ]

Package natbib Warning: Citation `davies2017completeness' on page 20 undefined on input line 724.


Package natbib Warning: Citation `guillerme2018disprity' on page 20 undefined on input line 728.


LaTeX Warning: Reference `ace discrete' on page 20 undefined on input line 731.


Package natbib Warning: Citation `keating2023best' on page 20 undefined on input line 732.

[20]

LaTeX Warning: Reference `continuous ace' on page 21 undefined on input line 745.


LaTeX Warning: Reference `fig:pipeline' on page 21 undefined on input line 763.


Package natbib Warning: Citation `lloyd_estimating_2016' on page 21 undefined on input line 764.

[21]

Package natbib Warning: Citation `guillerme2018disprity' on page 22 undefined on input line 770.


LaTeX Warning: Reference `fig:rawdistance' on page 22 undefined on input line 787.


Package natbib Warning: Citation `finarelli2006ancestral' on page 22 undefined on input line 791.


Package natbib Warning: Citation `keating2023best' on page 22 undefined on input line 791.


LaTeX Warning: File `figures/strictdistance.pdf' not found on input line 798.


/home/caleb/Documents/PhD/acedisparity/Manuscript/confReview/confirmationreview.tex:798: Package pdftex.def Error: File `figures/strictdistance.pdf' not found: using draft setting.

See the pdftex.def package documentation for explanation.
Type  H <return>  for immediate help.
 ...                                              
                                                  
l.798 ...width = 15cm]{figures/strictdistance.pdf}
                                                  
Try typing  <return>  to proceed.
If that doesn't work, type  X <return>  to quit.

[22]

LaTeX Warning: Reference `fig:rootdistance' on page 23 undefined on input line 803.


LaTeX Warning: File `figures/rootdistance.pdf' not found on input line 810.


/home/caleb/Documents/PhD/acedisparity/Manuscript/confReview/confirmationreview.tex:810: Package pdftex.def Error: File `figures/rootdistance.pdf' not found: using draft setting.

See the pdftex.def package documentation for explanation.
Type  H <return>  for immediate help.
 ...                                              
                                                  
l.810 ...s[width = 15cm]{figures/rootdistance.pdf}
                                                  
Try typing  <return>  to proceed.
If that doesn't work, type  X <return>  to quit.

[23
pdfTeX warning (ext4): destination with the same identifier (name{figure.7}) has been already used, duplicate ignored
<argument> ...shipout:D \box_use:N \l_shipout_box 
                                                  \__shipout_drop_firstpage_...
l.814 
      ]

LaTeX Warning: Reference `fig: discrete sum var distance' on page 24 undefined on input line 815.


LaTeX Warning: File `figures/sumvardistance.pdf' not found on input line 822.


/home/caleb/Documents/PhD/acedisparity/Manuscript/confReview/confirmationreview.tex:822: Package pdftex.def Error: File `figures/sumvardistance.pdf' not found: using draft setting.

See the pdftex.def package documentation for explanation.
Type  H <return>  for immediate help.
 ...                                              
                                                  
l.822 ...width = 15cm]{figures/sumvardistance.pdf}
                                                  
Try typing  <return>  to proceed.
If that doesn't work, type  X <return>  to quit.

[24
pdfTeX warning (ext4): destination with the same identifier (name{figure.8}) has been already used, duplicate ignored
<argument> ...shipout:D \box_use:N \l_shipout_box 
                                                  \__shipout_drop_firstpage_...
l.826 
      ]

Package natbib Warning: Citation `joy2016ancestral' on page 25 undefined on input line 829.

[25
pdfTeX warning (ext4): destination with the same identifier (name{figure.9}) has been already used, duplicate ignored
<argument> ...shipout:D \box_use:N \l_shipout_box 
                                                  \__shipout_drop_firstpage_...
l.832 
      ]

Package natbib Warning: Citation `slater2014robust' on page 26 undefined on input line 833.


Package natbib Warning: Citation `caetano2019estimating' on page 26 undefined on input line 833.


LaTeX Warning: Reference `fig:contdist' on page 26 undefined on input line 839.


Package natbib Warning: Citation `royer2016comparison' on page 26 undefined on input line 841.


Package natbib Warning: Citation `ho2014intrinsic' on page 26 undefined on input line 841.


Package natbib Warning: Citation `goswami2025phenomics' on page 26 undefined on input line 844.


LaTeX Warning: File `figures/contdist.pdf' not found on input line 849.


/home/caleb/Documents/PhD/acedisparity/Manuscript/confReview/confirmationreview.tex:849: Package pdftex.def Error: File `figures/contdist.pdf' not found: using draft setting.

See the pdftex.def package documentation for explanation.
Type  H <return>  for immediate help.
 ...                                              
                                                  
l.849 ...phics[width = 15cm]{figures/contdist.pdf}
                                                  
Try typing  <return>  to proceed.
If that doesn't work, type  X <return>  to quit.

[26]

LaTeX Warning: Reference `fig:cont disparity' on page 27 undefined on input line 854.


LaTeX Warning: Reference `fig:contdist' on page 27 undefined on input line 858.


LaTeX Warning: File `figures/sumvarcontinuous.pdf' not found on input line 863.


/home/caleb/Documents/PhD/acedisparity/Manuscript/confReview/confirmationreview.tex:863: Package pdftex.def Error: File `figures/sumvarcontinuous.pdf' not found: using draft setting.

See the pdftex.def package documentation for explanation.
Type  H <return>  for immediate help.
 ...                                              
                                                  
l.863 ...dth = 15cm]{figures/sumvarcontinuous.pdf}
                                                  
Try typing  <return>  to proceed.
If that doesn't work, type  X <return>  to quit.

[27
pdfTeX warning (ext4): destination with the same identifier (name{figure.10}) has been already used, duplicate ignored
<argument> ...shipout:D \box_use:N \l_shipout_box 
                                                  \__shipout_drop_firstpage_...
l.867 
      ] [28
pdfTeX warning (ext4): destination with the same identifier (name{figure.11}) has been already used, duplicate ignored
<argument> ...shipout:D \box_use:N \l_shipout_box 
                                                  \__shipout_drop_firstpage_...
l.877 
      ]

Package natbib Warning: Citation `webster2002testing' on page 29 undefined on input line 890.

(./confirmationreview.bbl)

Package natbib Warning: There were undefined citations.

[29] (./confirmationreview.aux)
 ***********
LaTeX2e <2023-11-01> patch level 1
L3 programming layer <2024-01-22>
 ***********


LaTeX Warning: There were undefined references.


LaTeX Warning: Label(s) may have changed. Rerun to get cross-references right.


Package rerunfilecheck Warning: File `confirmationreview.out' has changed.
(rerunfilecheck)                Rerun to get outlines right
(rerunfilecheck)                or use package `bookmark'.

Package rerunfilecheck Info: Checksums for `confirmationreview.out':
(rerunfilecheck)             Before: <no file>
(rerunfilecheck)             After:  B502C529AFEB92D80981804E17D07A1A;8405.
 ) 
Here is how much of TeX's memory you used:
 10570 strings out of 474222
 168241 string characters out of 5748733
 1932975 words of memory out of 5000000
 32614 multiletter control sequences out of 15000+600000
 568413 words of font info for 71 fonts, out of 8000000 for 9000
 1141 hyphenation exceptions out of 8191
 75i,12n,79p,696b,507s stack positions out of 10000i,1000n,20000p,200000b,200000s
</usr/share/texlive/texmf-dist/fonts/type1/public/amsfonts/cm/cmbx10.pfb></usr/share/texlive/texmf-dist/fonts/type1/public/amsfonts/cm/cmbx12.pfb></usr/share/texlive/texmf-dist/fonts/type1/public/amsfonts/cm/cmbxti10.pfb></usr/share/texlive/texmf-dist/fonts/type1/public/amsfonts/cm/cmex10.pfb></usr/share/texlive/texmf-dist/fonts/type1/public/amsfonts/cm/cmmi10.pfb></usr/share/texlive/texmf-dist/fonts/type1/public/amsfonts/cm/cmmi7.pfb></usr/share/texlive/texmf-dist/fonts/type1/public/amsfonts/cm/cmmib10.pfb></usr/share/texlive/texmf-dist/fonts/type1/public/amsfonts/cm/cmr10.pfb></usr/share/texlive/texmf-dist/fonts/type1/public/amsfonts/cm/cmr12.pfb></usr/share/texlive/texmf-dist/fonts/type1/public/amsfonts/cm/cmr17.pfb></usr/share/texlive/texmf-dist/fonts/type1/public/amsfonts/cm/cmr7.pfb></usr/share/texlive/texmf-dist/fonts/type1/public/amsfonts/cm/cmsy10.pfb></usr/share/texlive/texmf-dist/fonts/type1/public/amsfonts/cm/cmti10.pfb></usr/share/texlive/texmf-dist/fonts/type1/public/amsfonts/cm/cmtt10.pfb></usr/share/texmf/fonts/type1/public/cm-super/sfrm1000.pfb>
Output written on confirmationreview.pdf (30 pages, 244564 bytes).
PDF statistics:
 286 PDF objects out of 1000 (max. 8388607)
 221 compressed objects within 3 object streams
 87 named destinations out of 1000 (max. 500000)
 1 words of extra memory for PDF output out of 10000 (max. 10000000)

