\BOOKMARK [0][-]{part.1}{\376\377\000I\000\040\000A\000b\000s\000t\000r\000a\000c\000t}{}% 1
\BOOKMARK [0][-]{part.2}{\376\377\000I\000I\000\040\000L\000i\000t\000e\000r\000a\000t\000u\000r\000e\000\040\000R\000e\000v\000i\000e\000w}{}% 2
\BOOKMARK [1][-]{section.1}{\376\377\000M\000o\000r\000p\000h\000o\000l\000o\000g\000y\000,\000\040\000D\000i\000s\000p\000a\000r\000i\000t\000y\000\040\000a\000n\000d\000\040\000E\000x\000t\000i\000n\000c\000t\000i\000o\000n}{part.2}% 3
\BOOKMARK [2][-]{subsection.1.1}{\376\377\000M\000a\000s\000s\000\040\000e\000x\000t\000i\000n\000c\000t\000i\000o\000n\000s}{section.1}% 4
\BOOKMARK [2][-]{subsection.1.2}{\376\377\000R\000e\000b\000o\000u\000n\000d\000\040\000d\000y\000n\000a\000m\000i\000c\000s}{section.1}% 5
\BOOKMARK [2][-]{subsection.1.3}{\376\377\000D\000i\000s\000p\000a\000r\000i\000t\000y}{section.1}% 6
\BOOKMARK [2][-]{subsection.1.4}{\376\377\000E\000x\000t\000i\000n\000c\000t\000i\000o\000n\000\040\000s\000e\000l\000e\000c\000t\000i\000v\000i\000t\000y}{section.1}% 7
\BOOKMARK [1][-]{section.2}{\376\377\000E\000u\000t\000h\000e\000r\000i\000a\000n\000\040\000d\000i\000s\000p\000a\000r\000i\000t\000y\000\040\000a\000c\000r\000o\000s\000s\000\040\000K\000-\000P\000g\000\040\000M\000a\000s\000s\000\040\000E\000x\000t\000i\000n\000c\000t\000i\000o\000n}{part.2}% 8
\BOOKMARK [2][-]{subsection.2.1}{\376\377\000S\000u\000p\000p\000r\000e\000s\000s\000i\000o\000n\000\040\000h\000y\000p\000o\000t\000h\000e\000s\000i\000s}{section.2}% 9
\BOOKMARK [2][-]{subsection.2.2}{\376\377\000E\000a\000r\000l\000y\000\040\000r\000i\000s\000e\000\040\000h\000y\000p\000o\000t\000h\000e\000s\000i\000s}{section.2}% 10
\BOOKMARK [2][-]{subsection.2.3}{\376\377\000D\000e\000l\000a\000y\000e\000d\000\040\000r\000i\000s\000e\000\040\000h\000y\000p\000o\000t\000h\000e\000s\000i\000s}{section.2}% 11
\BOOKMARK [2][-]{subsection.2.4}{\376\377\000P\000h\000y\000l\000o\000g\000e\000n\000e\000t\000i\000c\000\040\000h\000y\000p\000o\000t\000h\000e\000s\000e\000s}{section.2}% 12
\BOOKMARK [3][-]{subsubsection.2.4.1}{\376\377\000H\000a\000r\000d\000\040\000e\000x\000p\000l\000o\000s\000i\000v\000e\000\040\000m\000o\000d\000e\000l}{subsection.2.4}% 13
\BOOKMARK [3][-]{subsubsection.2.4.2}{\376\377\000L\000o\000n\000g\000\040\000f\000u\000s\000e\000\040\000m\000o\000d\000e\000l}{subsection.2.4}% 14
\BOOKMARK [3][-]{subsubsection.2.4.3}{\376\377\000S\000h\000o\000r\000t\000\040\000f\000u\000s\000e\000\040\000m\000o\000d\000e\000l}{subsection.2.4}% 15
\BOOKMARK [3][-]{subsubsection.2.4.4}{\376\377\000S\000o\000f\000t\000\040\000e\000x\000p\000l\000o\000s\000i\000v\000e\000\040\000m\000o\000d\000e\000l}{subsection.2.4}% 16
\BOOKMARK [1][-]{section.3}{\376\377\000D\000i\000s\000p\000a\000r\000i\000t\000y\000\040\000A\000n\000a\000l\000y\000s\000i\000s\000\040\000M\000e\000t\000h\000o\000d\000s}{part.2}% 17
\BOOKMARK [2][-]{subsection.3.1}{\376\377\000T\000y\000p\000e\000s\000\040\000o\000f\000\040\000t\000r\000a\000i\000t\000\040\000d\000a\000t\000a}{section.3}% 18
\BOOKMARK [2][-]{subsection.3.2}{\376\377\000D\000i\000s\000p\000a\000r\000i\000t\000y\000\040\000m\000e\000t\000r\000i\000c\000s}{section.3}% 19
\BOOKMARK [1][-]{section.4}{\376\377\000A\000n\000c\000e\000s\000t\000r\000a\000l\000\040\000s\000t\000a\000t\000e\000\040\000e\000s\000t\000i\000m\000a\000t\000i\000o\000n}{part.2}% 20
\BOOKMARK [2][-]{subsection.4.1}{\376\377\000A\000p\000p\000l\000i\000c\000a\000t\000i\000o\000n\000\040\000o\000f\000\040\000A\000S\000E}{section.4}% 21
\BOOKMARK [3][-]{subsubsection.4.1.1}{\376\377\000L\000i\000k\000e\000l\000i\000h\000o\000o\000d\000\040\000m\000e\000t\000h\000o\000d\000s}{subsection.4.1}% 22
\BOOKMARK [3][-]{subsubsection.4.1.2}{\376\377\000C\000o\000n\000t\000i\000n\000u\000o\000u\000s\000\040\000c\000h\000a\000r\000a\000c\000t\000e\000r\000s}{subsection.4.1}% 23
\BOOKMARK [3][-]{subsubsection.4.1.3}{\376\377\000D\000i\000s\000c\000r\000e\000t\000e\000\040\000c\000h\000a\000r\000a\000c\000t\000e\000r\000s}{subsection.4.1}% 24
\BOOKMARK [2][-]{subsection.4.2}{\376\377\000C\000h\000a\000l\000l\000e\000n\000g\000e\000s\000\040\000o\000f\000\040\000A\000S\000E}{section.4}% 25
\BOOKMARK [3][-]{subsubsection.4.2.1}{\376\377\000U\000n\000c\000e\000r\000t\000a\000i\000n\000t\000y\000\040\000i\000n\000\040\000e\000s\000t\000i\000m\000a\000t\000e\000s}{subsection.4.2}% 26
\BOOKMARK [3][-]{subsubsection.4.2.2}{\376\377\000S\000e\000n\000s\000i\000t\000i\000v\000i\000t\000y\000\040\000t\000o\000\040\000f\000o\000s\000s\000i\000l\000\040\000s\000a\000m\000p\000l\000i\000n\000g}{subsection.4.2}% 27
\BOOKMARK [3][-]{subsubsection.4.2.3}{\376\377\000M\000o\000d\000e\000l\000\040\000d\000e\000p\000e\000n\000d\000e\000n\000c\000y}{subsection.4.2}% 28
\BOOKMARK [3][-]{subsubsection.4.2.4}{\376\377\000P\000r\000e\000-\000\040\000o\000r\000\040\000p\000o\000s\000t\000-\000o\000r\000d\000i\000n\000a\000t\000i\000o\000n}{subsection.4.2}% 29
\BOOKMARK [1][-]{section.5}{\376\377\000D\000e\000t\000e\000c\000t\000i\000n\000g\000\040\000s\000h\000i\000f\000t\000s\000\040\000i\000n\000\040\000d\000i\000s\000p\000a\000r\000i\000t\000y}{part.2}% 30
\BOOKMARK [0][-]{part.3}{\376\377\000I\000I\000I\000\040\000T\000h\000e\000s\000i\000s\000\040\000p\000l\000a\000n}{}% 31
\BOOKMARK [1][-]{section.6}{\376\377\000A\000i\000m\000s\000\040\000a\000n\000d\000\040\000o\000b\000j\000e\000c\000t\000i\000v\000e\000s}{part.3}% 32
\BOOKMARK [1][-]{section.7}{\376\377\000C\000h\000a\000p\000t\000e\000r\000\040\000O\000n\000e\000:\000\040\000E\000u\000t\000h\000e\000r\000i\000a\000n\000\040\000p\000h\000y\000l\000o\000g\000e\000n\000i\000e\000s}{part.3}% 33
\BOOKMARK [1][-]{section.8}{\376\377\000C\000h\000a\000p\000t\000e\000r\000\040\000T\000w\000o\000:\000\040\000W\000h\000a\000t\000\040\000i\000s\000\040\000t\000h\000e\000\040\000e\000f\000f\000e\000c\000t\000\040\000o\000f\000\040\000a\000n\000c\000e\000s\000t\000r\000a\000l\000\040\000s\000t\000a\000t\000e\000\040\000e\000s\000t\000i\000m\000a\000t\000i\000o\000n\000s\000\040\000o\000n\000\040\000d\000i\000s\000p\000a\000r\000i\000t\000y\000?}{part.3}% 34
\BOOKMARK [1][-]{section.9}{\376\377\000C\000h\000a\000p\000t\000e\000r\000\040\000T\000h\000r\000e\000e\000:\000\040\000M\000e\000a\000s\000u\000r\000i\000n\000g\000\040\000c\000h\000a\000n\000g\000e\000s\000\040\000i\000n\000\040\000t\000r\000e\000n\000d\000s\000\040\000i\000n\000\040\000d\000i\000s\000p\000a\000r\000i\000t\000y\000\040\000t\000h\000r\000o\000u\000g\000h\000\040\000t\000i\000m\000e}{part.3}% 35
\BOOKMARK [1][-]{section.10}{\376\377\000C\000h\000a\000p\000t\000e\000r\000\040\000F\000o\000u\000r\000:\000\040\000E\000u\000t\000h\000e\000r\000i\000a\000n\000\040\000d\000i\000s\000p\000a\000r\000i\000t\000y\000\040\000o\000v\000e\000r\000\040\000K\000-\000P\000g\000\040\000m\000a\000s\000s\000\040\000e\000x\000t\000i\000n\000c\000t\000i\000o\000n}{part.3}% 36
\BOOKMARK [0][-]{part.4}{\376\377\000I\000V\000\040\000S\000u\000m\000m\000a\000r\000y\000\040\000o\000f\000\040\000r\000e\000s\000e\000a\000r\000c\000h\000\040\000a\000c\000h\000i\000e\000v\000e\000m\000e\000n\000t\000s}{}% 37
\BOOKMARK [1][-]{subsection.10.1}{\376\377\000I\000n\000t\000r\000o\000d\000u\000c\000t\000i\000o\000n}{part.4}% 38
\BOOKMARK [2][-]{subsubsection.10.1.1}{\376\377\000W\000h\000y\000\040\000d\000o\000e\000s\000\040\000t\000h\000i\000s\000\040\000m\000a\000t\000t\000e\000r\000?}{subsection.10.1}% 39
\BOOKMARK [2][-]{subsection.10.2}{\376\377\000M\000e\000t\000h\000o\000d\000s}{subsection.10.1}% 40
\BOOKMARK [3][-]{subsubsection.10.2.1}{\376\377\000S\000i\000m\000u\000l\000a\000t\000i\000o\000n\000s}{subsection.10.2}% 41
\BOOKMARK [3][-]{subsubsection.10.2.2}{\376\377\000F\000o\000s\000s\000i\000l\000\040\000s\000a\000m\000p\000l\000i\000n\000g}{subsection.10.2}% 42
\BOOKMARK [3][-]{subsubsection.10.2.3}{\376\377\000A\000S\000E}{subsection.10.2}% 43
\BOOKMARK [3][-]{subsubsection.10.2.4}{\376\377\000R\000a\000w\000\040\000d\000i\000s\000t\000a\000n\000c\000e\000\040\000c\000o\000m\000p\000a\000r\000i\000s\000o\000n\000\040\000b\000e\000t\000w\000e\000e\000n\000\040\000t\000r\000u\000e\000\040\000v\000s\000\040\000a\000c\000e}{subsection.10.2}% 44
\BOOKMARK [3][-]{subsubsection.10.2.5}{\376\377\000D\000i\000s\000t\000a\000n\000c\000e\000\040\000c\000o\000m\000p\000a\000r\000i\000s\000o\000n\000\040\000b\000e\000t\000w\000e\000e\000n\000\040\000o\000r\000d\000i\000n\000a\000t\000e\000d\000\040\000t\000r\000u\000e\000\040\000v\000s\000\040\000a\000c\000e}{subsection.10.2}% 45
\BOOKMARK [3][-]{subsubsection.10.2.6}{\376\377\000D\000i\000f\000f\000e\000r\000e\000n\000c\000e\000\040\000i\000n\000\040\000d\000i\000s\000p\000a\000r\000i\000t\000y\000\040\000b\000e\000t\000w\000e\000e\000n\000\040\000t\000r\000u\000e\000\040\000v\000s\000\040\000a\000c\000e}{subsection.10.2}% 46
\BOOKMARK [2][-]{subsection.10.3}{\376\377\000R\000e\000s\000u\000l\000t\000s\000\040\000\050\000o\000r\000\040\000w\000h\000a\000t\000\040\000I\000\040\000e\000x\000p\000e\000c\000t\000\040\000t\000o\000\040\000f\000i\000n\000d\000\051}{subsection.10.1}% 47
\BOOKMARK [3][-]{subsubsection.10.3.1}{\376\377\000R\000a\000w\000\040\000d\000i\000s\000t\000a\000n\000c\000e\000s}{subsection.10.3}% 48
\BOOKMARK [3][-]{subsubsection.10.3.2}{\376\377\000O\000r\000d\000i\000n\000a\000t\000i\000o\000n}{subsection.10.3}% 49
\BOOKMARK [3][-]{subsubsection.10.3.3}{\376\377\000D\000i\000s\000p\000a\000r\000i\000t\000y}{subsection.10.3}% 50
